<?xml version="1.0" encoding="UTF-8"?>
<!-- Generated by org.testng.reporters.JUnitXMLReporter -->
<testsuite hostname="DESKTOP-QH2PPKS" ignored="0" name="Default test" tests="2" failures="0" timestamp="18 Feb 2021 10:18:15 GMT" time="21.729" errors="0">
  <testcase name="termLoanDisburnsmentNegative" time="3.441" classname="com.idexcel.termloanservice.scripts.TermLoanDisburnsmentDate"/>
  <testcase name="termLoanDisburnsmentNegative" time="2.132" classname="com.idexcel.termloanservice.scripts.TermLoanDisburnsmentDate"/>
</testsuite> <!-- Default test -->
