<?xml version="1.0" encoding="UTF-8"?>
<testng-results skipped="0" failed="0" ignored="0" total="1" passed="1">
  <reporter-output>
  </reporter-output>
  <suite name="Default suite" duration-ms="58462" started-at="2021-02-24T09:43:59Z" finished-at="2021-02-24T09:44:57Z">
    <groups>
      <group name="Regression">
        <method signature="CronJob.lateFeeJob(java.lang.String, java.lang.String, java.lang.String, java.lang.String, java.lang.String, java.lang.String, java.lang.String, java.lang.String, java.lang.String, java.lang.String, java.lang.String, java.lang.String, java.lang.String, java.lang.String, java.lang.String, java.lang.String, java.lang.String, java.lang.String, java.lang.String, java.lang.String, java.lang.String)[pri:0, instance:com.idexcel.termloanservice.scripts.CronJob@43d6262c]" name="lateFeeJob" class="com.idexcel.termloanservice.scripts.CronJob"/>
      </group> <!-- Regression -->
    </groups>
    <test name="Default test" duration-ms="58462" started-at="2021-02-24T09:43:59Z" finished-at="2021-02-24T09:44:57Z">
      <class name="com.idexcel.termloanservice.scripts.CronJob">
        <test-method status="PASS" signature="SetEnvironment(java.lang.String, java.lang.String)[pri:0, instance:com.idexcel.termloanservice.scripts.CronJob@43d6262c]" name="SetEnvironment" is-config="true" duration-ms="5355" started-at="2021-02-24T09:43:59Z" finished-at="2021-02-24T09:44:04Z">
          <params>
            <param index="0">
              <value>
                <![CDATA[Windows]]>
              </value>
            </param>
            <param index="1">
              <value>
                <![CDATA[Staging]]>
              </value>
            </param>
          </params>
          <reporter-output>
          </reporter-output>
        </test-method> <!-- SetEnvironment -->
        <test-method status="PASS" signature="SetPayload()[pri:0, instance:com.idexcel.termloanservice.scripts.CronJob@43d6262c]" name="SetPayload" is-config="true" duration-ms="8" started-at="2021-02-24T09:44:06Z" finished-at="2021-02-24T09:44:06Z">
          <reporter-output>
          </reporter-output>
        </test-method> <!-- SetPayload -->
        <test-method status="PASS" signature="lateFeeJob(java.lang.String, java.lang.String, java.lang.String, java.lang.String, java.lang.String, java.lang.String, java.lang.String, java.lang.String, java.lang.String, java.lang.String, java.lang.String, java.lang.String, java.lang.String, java.lang.String, java.lang.String, java.lang.String, java.lang.String, java.lang.String, java.lang.String, java.lang.String, java.lang.String)[pri:0, instance:com.idexcel.termloanservice.scripts.CronJob@43d6262c]" name="lateFeeJob" duration-ms="50447" started-at="2021-02-24T09:44:07Z" data-provider="datafromexcel" finished-at="2021-02-24T09:44:57Z">
          <params>
            <param index="0">
              <value>
                <![CDATA[eb8f9164-c363-11e9-9d62-12e987db82ac]]>
              </value>
            </param>
            <param index="1">
              <value>
                <![CDATA[8332]]>
              </value>
            </param>
            <param index="2">
              <value>
                <![CDATA[MAHI123]]>
              </value>
            </param>
            <param index="3">
              <value>
                <![CDATA[Loan6]]>
              </value>
            </param>
            <param index="4">
              <value>
                <![CDATA[6000]]>
              </value>
            </param>
            <param index="5">
              <value>
                <![CDATA[eb89c1bd-c363-11e9-9d62-12e987db82ac]]>
              </value>
            </param>
            <param index="6">
              <value>
                <![CDATA[days]]>
              </value>
            </param>
            <param index="7">
              <value>
                <![CDATA[Days]]>
              </value>
            </param>
            <param index="8">
              <value>
                <![CDATA[20]]>
              </value>
            </param>
            <param index="9">
              <value>
                <![CDATA[null]]>
              </value>
            </param>
            <param index="10">
              <value>
                <![CDATA[365]]>
              </value>
            </param>
            <param index="11">
              <value>
                <![CDATA[null]]>
              </value>
            </param>
            <param index="12">
              <value>
                <![CDATA[null]]>
              </value>
            </param>
            <param index="13">
              <value>
                <![CDATA[floating]]>
              </value>
            </param>
            <param index="14">
              <value>
                <![CDATA[358]]>
              </value>
            </param>
            <param index="15">
              <value>
                <![CDATA[null]]>
              </value>
            </param>
            <param index="16">
              <value>
                <![CDATA[null]]>
              </value>
            </param>
            <param index="17">
              <value>
                <![CDATA[normal]]>
              </value>
            </param>
            <param index="18">
              <value>
                <![CDATA[null]]>
              </value>
            </param>
            <param index="19">
              <value>
                <![CDATA[71eb5fb7-f58e-11e9-9d62-12e987db82ac]]>
              </value>
            </param>
            <param index="20">
              <value>
                <![CDATA[6000]]>
              </value>
            </param>
          </params>
          <reporter-output>
          </reporter-output>
        </test-method> <!-- lateFeeJob -->
      </class> <!-- com.idexcel.termloanservice.scripts.CronJob -->
    </test> <!-- Default test -->
  </suite> <!-- Default suite -->
</testng-results>
